<?xml version="1.0" encoding="UTF-8"?>
<testng-results ignored="0" total="1" passed="1" failed="0" skipped="0">
  <reporter-output>
    <line>
      <![CDATA[Setting up reports and test is getting ready]]>
    </line>
    <line>
      <![CDATA[Configuration done and test is ready to start]]>
    </line>
    <line>
      <![CDATA[Trying to initialize and start the browser]]>
    </line>
    <line>
      <![CDATA[Browser and application is up and running]]>
    </line>
    <line>
      <![CDATA[Test is about to end]]>
    </line>
    <line>
      <![CDATA[Test completed and reports generated]]>
    </line>
  </reporter-output>
  <suite started-at="2021-04-13T16:59:57 IST" name="Default suite" finished-at="2021-04-13T17:00:12 IST" duration-ms="15000">
    <groups>
    </groups>
    <test started-at="2021-04-13T16:59:57 IST" name="Default test" finished-at="2021-04-13T17:00:12 IST" duration-ms="15000">
      <class name="com.automation.testcases.LoginTest">
        <test-method is-config="true" signature="setupSuite()[pri:0, instance:com.automation.testcases.LoginTest@f8c1ddd]" started-at="2021-04-13T16:59:55 IST" name="setupSuite" finished-at="2021-04-13T16:59:57 IST" duration-ms="1598" status="PASS">
          <reporter-output>
            <line>
              <![CDATA[Setting up reports and test is getting ready]]>
            </line>
            <line>
              <![CDATA[Configuration done and test is ready to start]]>
            </line>
          </reporter-output>
        </test-method> <!-- setupSuite -->
        <test-method is-config="true" signature="setup()[pri:0, instance:com.automation.testcases.LoginTest@f8c1ddd]" started-at="2021-04-13T16:59:57 IST" name="setup" finished-at="2021-04-13T17:00:08 IST" duration-ms="11131" status="PASS">
          <reporter-output>
            <line>
              <![CDATA[Trying to initialize and start the browser]]>
            </line>
            <line>
              <![CDATA[Browser and application is up and running]]>
            </line>
          </reporter-output>
        </test-method> <!-- setup -->
        <test-method signature="appLogin()[pri:0, instance:com.automation.testcases.LoginTest@f8c1ddd]" started-at="2021-04-13T17:00:08 IST" name="appLogin" finished-at="2021-04-13T17:00:11 IST" duration-ms="2635" status="PASS">
          <reporter-output>
          </reporter-output>
        </test-method> <!-- appLogin -->
        <test-method is-config="true" signature="tearDownMethod(org.testng.ITestResult)[pri:0, instance:com.automation.testcases.LoginTest@f8c1ddd]" started-at="2021-04-13T17:00:11 IST" name="tearDownMethod" finished-at="2021-04-13T17:00:12 IST" duration-ms="1050" status="PASS">
          <params>
            <param index="0">
              <value>
                <![CDATA[[TestResult name=appLogin status=SUCCESS method=LoginTest.appLogin()[pri:0, instance:com.automation.testcases.LoginTest@f8c1ddd] output={null}]]]>
              </value>
            </param>
          </params>
          <reporter-output>
            <line>
              <![CDATA[Test is about to end]]>
            </line>
            <line>
              <![CDATA[Test completed and reports generated]]>
            </line>
          </reporter-output>
        </test-method> <!-- tearDownMethod -->
        <test-method is-config="true" signature="tearDown()[pri:0, instance:com.automation.testcases.LoginTest@f8c1ddd]" started-at="2021-04-13T17:00:12 IST" name="tearDown" finished-at="2021-04-13T17:00:12 IST" duration-ms="111" status="PASS">
          <reporter-output>
          </reporter-output>
        </test-method> <!-- tearDown -->
      </class> <!-- com.automation.testcases.LoginTest -->
    </test> <!-- Default test -->
  </suite> <!-- Default suite -->
</testng-results>
